<?xml version="1.0" encoding="UTF-8"?>
<testsuite xmlns:xsi="http://www.w3.org/2001/XMLSchema-instance" xsi:noNamespaceSchemaLocation="https://maven.apache.org/surefire/maven-surefire-plugin/xsd/surefire-test-report.xsd" name="TestUser" time="0.02" tests="2" errors="0" skipped="0" failures="0">
  <properties>
    <property name="sun.desktop" value="windows"/>
    <property name="awt.toolkit" value="sun.awt.windows.WToolkit"/>
    <property name="file.encoding.pkg" value="sun.io"/>
    <property name="java.specification.version" value="1.8"/>
    <property name="sun.cpu.isalist" value="amd64"/>
    <property name="sun.jnu.encoding" value="GBK"/>
    <property name="java.class.path" value="F:\Y2\ZY\t226itrip\itrip-auth\target\test-classes;F:\Y2\ZY\t226itrip\itrip-auth\target\classes;F:\Y2\RJ\IDEA\maven\LocalWarehouse\junit\junit\4.11\junit-4.11.jar;F:\Y2\RJ\IDEA\maven\LocalWarehouse\org\hamcrest\hamcrest-core\1.3\hamcrest-core-1.3.jar;F:\Y2\ZY\t226itrip\itrip-dao\target\itrip-dao-1.0-SNAPSHOT.jar;F:\Y2\ZY\t226itrip\itrip-utils\target\itrip-utils-1.0-SNAPSHOT.jar;F:\Y2\ZY\t226itrip\itrip-beans\target\itrip-beans-1.0-SNAPSHOT.jar;F:\Y2\RJ\IDEA\maven\LocalWarehouse\com\belerweb\pinyin4j\2.5.0\pinyin4j-2.5.0.jar;F:\Y2\RJ\IDEA\maven\LocalWarehouse\cz\mallat\uasparser\uasparser\0.6.0\uasparser-0.6.0.jar;F:\Y2\RJ\IDEA\maven\LocalWarehouse\net\sourceforge\jregex\jregex\1.2_01\jregex-1.2_01.jar;F:\Y2\RJ\IDEA\maven\LocalWarehouse\javax\servlet\servlet-api\2.5\servlet-api-2.5.jar;F:\Y2\RJ\IDEA\maven\LocalWarehouse\org\hibernate\hibernate-validator\5.2.4.Final\hibernate-validator-5.2.4.Final.jar;F:\Y2\RJ\IDEA\maven\LocalWarehouse\javax\validation\validation-api\1.1.0.Final\validation-api-1.1.0.Final.jar;F:\Y2\RJ\IDEA\maven\LocalWarehouse\org\jboss\logging\jboss-logging\3.2.1.Final\jboss-logging-3.2.1.Final.jar;F:\Y2\RJ\IDEA\maven\LocalWarehouse\com\fasterxml\classmate\1.1.0\classmate-1.1.0.jar;F:\Y2\RJ\IDEA\maven\LocalWarehouse\joda-time\joda-time\2.7\joda-time-2.7.jar;F:\Y2\RJ\IDEA\maven\LocalWarehouse\jaxen\jaxen\1.1.6\jaxen-1.1.6.jar;F:\Y2\RJ\IDEA\maven\LocalWarehouse\commons-io\commons-io\2.4\commons-io-2.4.jar;F:\Y2\RJ\IDEA\maven\LocalWarehouse\commons-logging\commons-logging\1.2\commons-logging-1.2.jar;F:\Y2\RJ\IDEA\maven\LocalWarehouse\org\springframework\spring-context\4.1.7.RELEASE\spring-context-4.1.7.RELEASE.jar;F:\Y2\RJ\IDEA\maven\LocalWarehouse\org\springframework\spring-aop\4.1.7.RELEASE\spring-aop-4.1.7.RELEASE.jar;F:\Y2\RJ\IDEA\maven\LocalWarehouse\aopalliance\aopalliance\1.0\aopalliance-1.0.jar;F:\Y2\RJ\IDEA\maven\LocalWarehouse\org\springframework\spring-context-support\4.1.7.RELEASE\spring-context-support-4.1.7.RELEASE.jar;F:\Y2\RJ\IDEA\maven\LocalWarehouse\commons-dbcp\commons-dbcp\1.4\commons-dbcp-1.4.jar;F:\Y2\RJ\IDEA\maven\LocalWarehouse\commons-pool\commons-pool\1.5.4\commons-pool-1.5.4.jar;F:\Y2\RJ\IDEA\maven\LocalWarehouse\cglib\cglib\3.2.5\cglib-3.2.5.jar;F:\Y2\RJ\IDEA\maven\LocalWarehouse\org\ow2\asm\asm\5.2\asm-5.2.jar;F:\Y2\RJ\IDEA\maven\LocalWarehouse\org\apache\ant\ant\1.9.6\ant-1.9.6.jar;F:\Y2\RJ\IDEA\maven\LocalWarehouse\org\apache\ant\ant-launcher\1.9.6\ant-launcher-1.9.6.jar;F:\Y2\RJ\IDEA\maven\LocalWarehouse\org\aspectj\aspectjweaver\1.6.12\aspectjweaver-1.6.12.jar;F:\Y2\RJ\IDEA\maven\LocalWarehouse\org\springframework\spring-oxm\4.1.7.RELEASE\spring-oxm-4.1.7.RELEASE.jar;F:\Y2\RJ\IDEA\maven\LocalWarehouse\org\springframework\spring-tx\4.1.7.RELEASE\spring-tx-4.1.7.RELEASE.jar;F:\Y2\RJ\IDEA\maven\LocalWarehouse\jstl\jstl\1.2\jstl-1.2.jar;F:\Y2\RJ\IDEA\maven\LocalWarehouse\org\mybatis\mybatis-spring\1.2.0\mybatis-spring-1.2.0.jar;F:\Y2\RJ\IDEA\maven\LocalWarehouse\org\slf4j\jcl-over-slf4j\1.7.12\jcl-over-slf4j-1.7.12.jar;F:\Y2\RJ\IDEA\maven\LocalWarehouse\commons-codec\commons-codec\1.4\commons-codec-1.4.jar;F:\Y2\RJ\IDEA\maven\LocalWarehouse\org\springframework\spring-orm\4.1.7.RELEASE\spring-orm-4.1.7.RELEASE.jar;F:\Y2\RJ\IDEA\maven\LocalWarehouse\org\springframework\spring-jdbc\4.1.7.RELEASE\spring-jdbc-4.1.7.RELEASE.jar;F:\Y2\RJ\IDEA\maven\LocalWarehouse\org\springframework\spring-jms\4.1.7.RELEASE\spring-jms-4.1.7.RELEASE.jar;F:\Y2\RJ\IDEA\maven\LocalWarehouse\org\springframework\spring-messaging\4.1.7.RELEASE\spring-messaging-4.1.7.RELEASE.jar;F:\Y2\RJ\IDEA\maven\LocalWarehouse\org\slf4j\slf4j-api\1.7.12\slf4j-api-1.7.12.jar;F:\Y2\RJ\IDEA\maven\LocalWarehouse\org\springframework\spring-expression\4.1.7.RELEASE\spring-expression-4.1.7.RELEASE.jar;F:\Y2\RJ\IDEA\maven\LocalWarehouse\org\springframework\spring-test\4.1.7.RELEASE\spring-test-4.1.7.RELEASE.jar;F:\Y2\RJ\IDEA\maven\LocalWarehouse\org\springframework\spring-webmvc\4.1.7.RELEASE\spring-webmvc-4.1.7.RELEASE.jar;F:\Y2\RJ\IDEA\maven\LocalWarehouse\org\springframework\spring-web\4.1.7.RELEASE\spring-web-4.1.7.RELEASE.jar;F:\Y2\RJ\IDEA\maven\LocalWarehouse\org\springframework\spring-beans\4.1.7.RELEASE\spring-beans-4.1.7.RELEASE.jar;F:\Y2\RJ\IDEA\maven\LocalWarehouse\mysql\mysql-connector-java\5.1.16\mysql-connector-java-5.1.16.jar;F:\Y2\RJ\IDEA\maven\LocalWarehouse\org\slf4j\slf4j-log4j12\1.7.12\slf4j-log4j12-1.7.12.jar;F:\Y2\RJ\IDEA\maven\LocalWarehouse\log4j\log4j\1.2.17\log4j-1.2.17.jar;F:\Y2\RJ\IDEA\maven\LocalWarehouse\org\springframework\spring-core\4.1.7.RELEASE\spring-core-4.1.7.RELEASE.jar;F:\Y2\RJ\IDEA\maven\LocalWarehouse\commons-fileupload\commons-fileupload\1.3.1\commons-fileupload-1.3.1.jar;F:\Y2\RJ\IDEA\maven\LocalWarehouse\org\mybatis\mybatis\3.2.2\mybatis-3.2.2.jar;F:\Y2\RJ\IDEA\maven\LocalWarehouse\redis\clients\jedis\2.1.0\jedis-2.1.0.jar;F:\Y2\RJ\IDEA\maven\LocalWarehouse\com\alibaba\fastjson\1.2.31\fastjson-1.2.31.jar;F:\Y2\RJ\IDEA\maven\LocalWarehouse\io\springfox\springfox-swagger2\2.4.0\springfox-swagger2-2.4.0.jar;F:\Y2\RJ\IDEA\maven\LocalWarehouse\io\swagger\swagger-annotations\1.5.6\swagger-annotations-1.5.6.jar;F:\Y2\RJ\IDEA\maven\LocalWarehouse\io\swagger\swagger-models\1.5.6\swagger-models-1.5.6.jar;F:\Y2\RJ\IDEA\maven\LocalWarehouse\io\springfox\springfox-spi\2.4.0\springfox-spi-2.4.0.jar;F:\Y2\RJ\IDEA\maven\LocalWarehouse\io\springfox\springfox-core\2.4.0\springfox-core-2.4.0.jar;F:\Y2\RJ\IDEA\maven\LocalWarehouse\io\springfox\springfox-schema\2.4.0\springfox-schema-2.4.0.jar;F:\Y2\RJ\IDEA\maven\LocalWarehouse\io\springfox\springfox-swagger-common\2.4.0\springfox-swagger-common-2.4.0.jar;F:\Y2\RJ\IDEA\maven\LocalWarehouse\io\springfox\springfox-spring-web\2.4.0\springfox-spring-web-2.4.0.jar;F:\Y2\RJ\IDEA\maven\LocalWarehouse\org\springframework\plugin\spring-plugin-core\1.2.0.RELEASE\spring-plugin-core-1.2.0.RELEASE.jar;F:\Y2\RJ\IDEA\maven\LocalWarehouse\org\springframework\plugin\spring-plugin-metadata\1.2.0.RELEASE\spring-plugin-metadata-1.2.0.RELEASE.jar;F:\Y2\RJ\IDEA\maven\LocalWarehouse\io\springfox\springfox-swagger-ui\2.4.0\springfox-swagger-ui-2.4.0.jar;F:\Y2\RJ\IDEA\maven\LocalWarehouse\com\google\guava\guava\19.0\guava-19.0.jar;F:\Y2\RJ\IDEA\maven\LocalWarehouse\org\mapstruct\mapstruct-jdk8\1.1.0.Final\mapstruct-jdk8-1.1.0.Final.jar;F:\Y2\RJ\IDEA\maven\LocalWarehouse\com\fasterxml\jackson\core\jackson-core\2.8.7\jackson-core-2.8.7.jar;F:\Y2\RJ\IDEA\maven\LocalWarehouse\com\fasterxml\jackson\core\jackson-databind\2.8.7\jackson-databind-2.8.7.jar;F:\Y2\RJ\IDEA\maven\LocalWarehouse\com\fasterxml\jackson\core\jackson-annotations\2.8.7\jackson-annotations-2.8.7.jar;F:\Y2\RJ\IDEA\maven\LocalWarehouse\javax\mail\mail\1.4.7\mail-1.4.7.jar;F:\Y2\RJ\IDEA\maven\LocalWarehouse\javax\activation\activation\1.1\activation-1.1.jar;F:\Y2\RJ\IDEA\maven\LocalWarehouse\cn\itrip\ccprestsms\itrip-ccprestsms\1.0\itrip-ccprestsms-1.0.jar;F:\Y2\RJ\IDEA\maven\LocalWarehouse\cn\itrip\itrip-jregex\1.2_01\itrip-jregex-1.2_01.jar;F:\Y2\RJ\IDEA\maven\LocalWarehouse\com\thetransactioncompany\cors-filter\1.7\cors-filter-1.7.jar;F:\Y2\RJ\IDEA\maven\LocalWarehouse\com\thetransactioncompany\java-property-utils\1.9\java-property-utils-1.9.jar;"/>
    <property name="java.vm.vendor" value="Oracle Corporation"/>
    <property name="sun.arch.data.model" value="64"/>
    <property name="user.variant" value=""/>
    <property name="java.vendor.url" value="http://java.oracle.com/"/>
    <property name="user.timezone" value="Asia/Shanghai"/>
    <property name="java.vm.specification.version" value="1.8"/>
    <property name="os.name" value="Windows 10"/>
    <property name="user.country" value="CN"/>
    <property name="sun.java.launcher" value="SUN_STANDARD"/>
    <property name="sun.boot.library.path" value="F:\Y2\RJ\JDK\jre\bin"/>
    <property name="sun.java.command" value="C:\Users\20722\AppData\Local\Temp\surefire945258916946966991\surefirebooter5223681313910799252.jar C:\Users\20722\AppData\Local\Temp\surefire945258916946966991 2019-08-19T14-47-39_285-jvmRun1 surefire3059048115895567307tmp surefire_02202219635813428801tmp"/>
    <property name="surefire.test.class.path" value="F:\Y2\ZY\t226itrip\itrip-auth\target\test-classes;F:\Y2\ZY\t226itrip\itrip-auth\target\classes;F:\Y2\RJ\IDEA\maven\LocalWarehouse\junit\junit\4.11\junit-4.11.jar;F:\Y2\RJ\IDEA\maven\LocalWarehouse\org\hamcrest\hamcrest-core\1.3\hamcrest-core-1.3.jar;F:\Y2\ZY\t226itrip\itrip-dao\target\itrip-dao-1.0-SNAPSHOT.jar;F:\Y2\ZY\t226itrip\itrip-utils\target\itrip-utils-1.0-SNAPSHOT.jar;F:\Y2\ZY\t226itrip\itrip-beans\target\itrip-beans-1.0-SNAPSHOT.jar;F:\Y2\RJ\IDEA\maven\LocalWarehouse\com\belerweb\pinyin4j\2.5.0\pinyin4j-2.5.0.jar;F:\Y2\RJ\IDEA\maven\LocalWarehouse\cz\mallat\uasparser\uasparser\0.6.0\uasparser-0.6.0.jar;F:\Y2\RJ\IDEA\maven\LocalWarehouse\net\sourceforge\jregex\jregex\1.2_01\jregex-1.2_01.jar;F:\Y2\RJ\IDEA\maven\LocalWarehouse\javax\servlet\servlet-api\2.5\servlet-api-2.5.jar;F:\Y2\RJ\IDEA\maven\LocalWarehouse\org\hibernate\hibernate-validator\5.2.4.Final\hibernate-validator-5.2.4.Final.jar;F:\Y2\RJ\IDEA\maven\LocalWarehouse\javax\validation\validation-api\1.1.0.Final\validation-api-1.1.0.Final.jar;F:\Y2\RJ\IDEA\maven\LocalWarehouse\org\jboss\logging\jboss-logging\3.2.1.Final\jboss-logging-3.2.1.Final.jar;F:\Y2\RJ\IDEA\maven\LocalWarehouse\com\fasterxml\classmate\1.1.0\classmate-1.1.0.jar;F:\Y2\RJ\IDEA\maven\LocalWarehouse\joda-time\joda-time\2.7\joda-time-2.7.jar;F:\Y2\RJ\IDEA\maven\LocalWarehouse\jaxen\jaxen\1.1.6\jaxen-1.1.6.jar;F:\Y2\RJ\IDEA\maven\LocalWarehouse\commons-io\commons-io\2.4\commons-io-2.4.jar;F:\Y2\RJ\IDEA\maven\LocalWarehouse\commons-logging\commons-logging\1.2\commons-logging-1.2.jar;F:\Y2\RJ\IDEA\maven\LocalWarehouse\org\springframework\spring-context\4.1.7.RELEASE\spring-context-4.1.7.RELEASE.jar;F:\Y2\RJ\IDEA\maven\LocalWarehouse\org\springframework\spring-aop\4.1.7.RELEASE\spring-aop-4.1.7.RELEASE.jar;F:\Y2\RJ\IDEA\maven\LocalWarehouse\aopalliance\aopalliance\1.0\aopalliance-1.0.jar;F:\Y2\RJ\IDEA\maven\LocalWarehouse\org\springframework\spring-context-support\4.1.7.RELEASE\spring-context-support-4.1.7.RELEASE.jar;F:\Y2\RJ\IDEA\maven\LocalWarehouse\commons-dbcp\commons-dbcp\1.4\commons-dbcp-1.4.jar;F:\Y2\RJ\IDEA\maven\LocalWarehouse\commons-pool\commons-pool\1.5.4\commons-pool-1.5.4.jar;F:\Y2\RJ\IDEA\maven\LocalWarehouse\cglib\cglib\3.2.5\cglib-3.2.5.jar;F:\Y2\RJ\IDEA\maven\LocalWarehouse\org\ow2\asm\asm\5.2\asm-5.2.jar;F:\Y2\RJ\IDEA\maven\LocalWarehouse\org\apache\ant\ant\1.9.6\ant-1.9.6.jar;F:\Y2\RJ\IDEA\maven\LocalWarehouse\org\apache\ant\ant-launcher\1.9.6\ant-launcher-1.9.6.jar;F:\Y2\RJ\IDEA\maven\LocalWarehouse\org\aspectj\aspectjweaver\1.6.12\aspectjweaver-1.6.12.jar;F:\Y2\RJ\IDEA\maven\LocalWarehouse\org\springframework\spring-oxm\4.1.7.RELEASE\spring-oxm-4.1.7.RELEASE.jar;F:\Y2\RJ\IDEA\maven\LocalWarehouse\org\springframework\spring-tx\4.1.7.RELEASE\spring-tx-4.1.7.RELEASE.jar;F:\Y2\RJ\IDEA\maven\LocalWarehouse\jstl\jstl\1.2\jstl-1.2.jar;F:\Y2\RJ\IDEA\maven\LocalWarehouse\org\mybatis\mybatis-spring\1.2.0\mybatis-spring-1.2.0.jar;F:\Y2\RJ\IDEA\maven\LocalWarehouse\org\slf4j\jcl-over-slf4j\1.7.12\jcl-over-slf4j-1.7.12.jar;F:\Y2\RJ\IDEA\maven\LocalWarehouse\commons-codec\commons-codec\1.4\commons-codec-1.4.jar;F:\Y2\RJ\IDEA\maven\LocalWarehouse\org\springframework\spring-orm\4.1.7.RELEASE\spring-orm-4.1.7.RELEASE.jar;F:\Y2\RJ\IDEA\maven\LocalWarehouse\org\springframework\spring-jdbc\4.1.7.RELEASE\spring-jdbc-4.1.7.RELEASE.jar;F:\Y2\RJ\IDEA\maven\LocalWarehouse\org\springframework\spring-jms\4.1.7.RELEASE\spring-jms-4.1.7.RELEASE.jar;F:\Y2\RJ\IDEA\maven\LocalWarehouse\org\springframework\spring-messaging\4.1.7.RELEASE\spring-messaging-4.1.7.RELEASE.jar;F:\Y2\RJ\IDEA\maven\LocalWarehouse\org\slf4j\slf4j-api\1.7.12\slf4j-api-1.7.12.jar;F:\Y2\RJ\IDEA\maven\LocalWarehouse\org\springframework\spring-expression\4.1.7.RELEASE\spring-expression-4.1.7.RELEASE.jar;F:\Y2\RJ\IDEA\maven\LocalWarehouse\org\springframework\spring-test\4.1.7.RELEASE\spring-test-4.1.7.RELEASE.jar;F:\Y2\RJ\IDEA\maven\LocalWarehouse\org\springframework\spring-webmvc\4.1.7.RELEASE\spring-webmvc-4.1.7.RELEASE.jar;F:\Y2\RJ\IDEA\maven\LocalWarehouse\org\springframework\spring-web\4.1.7.RELEASE\spring-web-4.1.7.RELEASE.jar;F:\Y2\RJ\IDEA\maven\LocalWarehouse\org\springframework\spring-beans\4.1.7.RELEASE\spring-beans-4.1.7.RELEASE.jar;F:\Y2\RJ\IDEA\maven\LocalWarehouse\mysql\mysql-connector-java\5.1.16\mysql-connector-java-5.1.16.jar;F:\Y2\RJ\IDEA\maven\LocalWarehouse\org\slf4j\slf4j-log4j12\1.7.12\slf4j-log4j12-1.7.12.jar;F:\Y2\RJ\IDEA\maven\LocalWarehouse\log4j\log4j\1.2.17\log4j-1.2.17.jar;F:\Y2\RJ\IDEA\maven\LocalWarehouse\org\springframework\spring-core\4.1.7.RELEASE\spring-core-4.1.7.RELEASE.jar;F:\Y2\RJ\IDEA\maven\LocalWarehouse\commons-fileupload\commons-fileupload\1.3.1\commons-fileupload-1.3.1.jar;F:\Y2\RJ\IDEA\maven\LocalWarehouse\org\mybatis\mybatis\3.2.2\mybatis-3.2.2.jar;F:\Y2\RJ\IDEA\maven\LocalWarehouse\redis\clients\jedis\2.1.0\jedis-2.1.0.jar;F:\Y2\RJ\IDEA\maven\LocalWarehouse\com\alibaba\fastjson\1.2.31\fastjson-1.2.31.jar;F:\Y2\RJ\IDEA\maven\LocalWarehouse\io\springfox\springfox-swagger2\2.4.0\springfox-swagger2-2.4.0.jar;F:\Y2\RJ\IDEA\maven\LocalWarehouse\io\swagger\swagger-annotations\1.5.6\swagger-annotations-1.5.6.jar;F:\Y2\RJ\IDEA\maven\LocalWarehouse\io\swagger\swagger-models\1.5.6\swagger-models-1.5.6.jar;F:\Y2\RJ\IDEA\maven\LocalWarehouse\io\springfox\springfox-spi\2.4.0\springfox-spi-2.4.0.jar;F:\Y2\RJ\IDEA\maven\LocalWarehouse\io\springfox\springfox-core\2.4.0\springfox-core-2.4.0.jar;F:\Y2\RJ\IDEA\maven\LocalWarehouse\io\springfox\springfox-schema\2.4.0\springfox-schema-2.4.0.jar;F:\Y2\RJ\IDEA\maven\LocalWarehouse\io\springfox\springfox-swagger-common\2.4.0\springfox-swagger-common-2.4.0.jar;F:\Y2\RJ\IDEA\maven\LocalWarehouse\io\springfox\springfox-spring-web\2.4.0\springfox-spring-web-2.4.0.jar;F:\Y2\RJ\IDEA\maven\LocalWarehouse\org\springframework\plugin\spring-plugin-core\1.2.0.RELEASE\spring-plugin-core-1.2.0.RELEASE.jar;F:\Y2\RJ\IDEA\maven\LocalWarehouse\org\springframework\plugin\spring-plugin-metadata\1.2.0.RELEASE\spring-plugin-metadata-1.2.0.RELEASE.jar;F:\Y2\RJ\IDEA\maven\LocalWarehouse\io\springfox\springfox-swagger-ui\2.4.0\springfox-swagger-ui-2.4.0.jar;F:\Y2\RJ\IDEA\maven\LocalWarehouse\com\google\guava\guava\19.0\guava-19.0.jar;F:\Y2\RJ\IDEA\maven\LocalWarehouse\org\mapstruct\mapstruct-jdk8\1.1.0.Final\mapstruct-jdk8-1.1.0.Final.jar;F:\Y2\RJ\IDEA\maven\LocalWarehouse\com\fasterxml\jackson\core\jackson-core\2.8.7\jackson-core-2.8.7.jar;F:\Y2\RJ\IDEA\maven\LocalWarehouse\com\fasterxml\jackson\core\jackson-databind\2.8.7\jackson-databind-2.8.7.jar;F:\Y2\RJ\IDEA\maven\LocalWarehouse\com\fasterxml\jackson\core\jackson-annotations\2.8.7\jackson-annotations-2.8.7.jar;F:\Y2\RJ\IDEA\maven\LocalWarehouse\javax\mail\mail\1.4.7\mail-1.4.7.jar;F:\Y2\RJ\IDEA\maven\LocalWarehouse\javax\activation\activation\1.1\activation-1.1.jar;F:\Y2\RJ\IDEA\maven\LocalWarehouse\cn\itrip\ccprestsms\itrip-ccprestsms\1.0\itrip-ccprestsms-1.0.jar;F:\Y2\RJ\IDEA\maven\LocalWarehouse\cn\itrip\itrip-jregex\1.2_01\itrip-jregex-1.2_01.jar;F:\Y2\RJ\IDEA\maven\LocalWarehouse\com\thetransactioncompany\cors-filter\1.7\cors-filter-1.7.jar;F:\Y2\RJ\IDEA\maven\LocalWarehouse\com\thetransactioncompany\java-property-utils\1.9\java-property-utils-1.9.jar;"/>
    <property name="sun.cpu.endian" value="little"/>
    <property name="user.home" value="C:\Users\20722"/>
    <property name="user.language" value="zh"/>
    <property name="java.specification.vendor" value="Oracle Corporation"/>
    <property name="java.home" value="F:\Y2\RJ\JDK\jre"/>
    <property name="basedir" value="F:\Y2\ZY\t226itrip\itrip-auth"/>
    <property name="file.separator" value="\"/>
    <property name="line.separator" value="&#10;"/>
    <property name="java.vm.specification.vendor" value="Oracle Corporation"/>
    <property name="java.specification.name" value="Java Platform API Specification"/>
    <property name="java.awt.graphicsenv" value="sun.awt.Win32GraphicsEnvironment"/>
    <property name="surefire.real.class.path" value="C:\Users\20722\AppData\Local\Temp\surefire945258916946966991\surefirebooter5223681313910799252.jar"/>
    <property name="sun.boot.class.path" value="F:\Y2\RJ\JDK\jre\lib\resources.jar;F:\Y2\RJ\JDK\jre\lib\rt.jar;F:\Y2\RJ\JDK\jre\lib\sunrsasign.jar;F:\Y2\RJ\JDK\jre\lib\jsse.jar;F:\Y2\RJ\JDK\jre\lib\jce.jar;F:\Y2\RJ\JDK\jre\lib\charsets.jar;F:\Y2\RJ\JDK\jre\lib\jfr.jar;F:\Y2\RJ\JDK\jre\classes"/>
    <property name="user.script" value=""/>
    <property name="sun.management.compiler" value="HotSpot 64-Bit Tiered Compilers"/>
    <property name="java.runtime.version" value="1.8.0_144-b01"/>
    <property name="user.name" value="LIAOJUN"/>
    <property name="path.separator" value=";"/>
    <property name="os.version" value="10.0"/>
    <property name="java.endorsed.dirs" value="F:\Y2\RJ\JDK\jre\lib\endorsed"/>
    <property name="java.runtime.name" value="Java(TM) SE Runtime Environment"/>
    <property name="file.encoding" value="GBK"/>
    <property name="java.vm.name" value="Java HotSpot(TM) 64-Bit Server VM"/>
    <property name="localRepository" value="F:\Y2\RJ\IDEA\maven\LocalWarehouse"/>
    <property name="java.vendor.url.bug" value="http://bugreport.sun.com/bugreport/"/>
    <property name="java.io.tmpdir" value="C:\Users\20722\AppData\Local\Temp\"/>
    <property name="java.version" value="1.8.0_144"/>
    <property name="user.dir" value="F:\Y2\ZY\t226itrip\itrip-auth"/>
    <property name="os.arch" value="amd64"/>
    <property name="java.vm.specification.name" value="Java Virtual Machine Specification"/>
    <property name="java.awt.printerjob" value="sun.awt.windows.WPrinterJob"/>
    <property name="idea.version2019.1.2" value="true"/>
    <property name="sun.os.patch.level" value=""/>
    <property name="java.library.path" value="F:\Y2\RJ\JDK\jre\bin;C:\WINDOWS\Sun\Java\bin;C:\WINDOWS\system32;C:\WINDOWS;c:\program files (x86)\graphicsmagick-1.3.12-q8;C:\Program Files (x86)\Razer\ChromaBroadcast\bin;C:\Program Files\Razer\ChromaBroadcast\bin;F:\Y2\RJ\oracle\product\bin;C:\ProgramData\Oracle\Java\javapath;C:\Program Files (x86)\Intel\Intel(R) Management Engine Components\iCLS\;C:\Program Files\Intel\Intel(R) Management Engine Components\iCLS\;C:\Program Files (x86)\Razer Chroma SDK\bin;C:\Program Files\Razer Chroma SDK\bin;C:\Windows\system32;C:\Windows;C:\Windows\System32\Wbem;C:\Windows\System32\WindowsPowerShell\v1.0\;C:\Windows\System32\OpenSSH\;C:\Users\20722\AppData\Local\Microsoft\WindowsApps;C:\Program Files\NVIDIA Corporation\NVIDIA NvDLISR;C:\Program Files (x86)\NVIDIA Corporation\PhysX\Common;C:\Program Files (x86)\Intel\Intel(R) Management Engine Components\DAL;C:\Program Files\Intel\Intel(R) Management Engine Components\DAL;F:\S2\MySQL\bin;F:\Y2\RJ\JDK\bin;F:\Y2\ZL\20190330\apache-maven-3.3.9\bin;C:\WINDOWS\system32;C:\WINDOWS;C:\WINDOWS\System32\Wbem;C:\WINDOWS\System32\WindowsPowerShell\v1.0\;C:\WINDOWS\System32\OpenSSH\;F:\Y2\RJ\Git\cmd;&quot;%M_HOME%\bin;&quot;;C:\Program Files\Intel\WiFi\bin\;C:\Program Files\Common Files\Intel\WirelessCommon\;C:\WINDOWS\system32\config\systemprofile\AppData\Local\Microsoft\WindowsApps;F:\Y2\ZY\ch07-Itrip\RJ\nodejs\;F:\Y2\ZY\ch07-Itrip\RJ\nodejs\node-global;C:\Program Files (x86)\Lua\5.1;C:\Program Files (x86)\Lua\5.1\clibs;C:\Users\20722\AppData\Local\Microsoft\WindowsApps;C:\Program Files\Bandizip\;C:\Program Files\Intel\WiFi\bin\;C:\Program Files\Common Files\Intel\WirelessCommon\;C:\Users\20722\AppData\Roaming\npm;."/>
    <property name="java.vm.info" value="mixed mode"/>
    <property name="java.vendor" value="Oracle Corporation"/>
    <property name="java.vm.version" value="25.144-b01"/>
    <property name="java.ext.dirs" value="F:\Y2\RJ\JDK\jre\lib\ext;C:\WINDOWS\Sun\Java\lib\ext"/>
    <property name="sun.io.unicode.encoding" value="UnicodeLittle"/>
    <property name="maven.repo.local" value="F:\Y2\RJ\IDEA\maven\LocalWarehouse"/>
    <property name="java.class.version" value="52.0"/>
  </properties>
  <testcase name="addDept" classname="TestUser" time="0.002"/>
  <testcase name="addUser" classname="TestUser" time="0"/>
</testsuite>